{
  "RSpec": {
    "coverage": {
      "/Users/turingtjc/Turing/1Module/FINALPROJECT/Enigma---MOD1/spec/enigma_spec.rb": {
        "lines": [
          1,
          1,
          1,
          null,
          1,
          1,
          5,
          null,
          null,
          1,
          1,
          null,
          null,
          1,
          1,
          1,
          null,
          null,
          1,
          1,
          null,
          null,
          1,
          1,
          null,
          null,
          1,
          1,
          null,
          null
        ]
      },
      "/Users/turingtjc/Turing/1Module/FINALPROJECT/Enigma---MOD1/lib/enigma.rb": {
        "lines": [
          1,
          1,
          1,
          null,
          1,
          1,
          null,
          1,
          null,
          null,
          1,
          1,
          null,
          null,
          1,
          1,
          null,
          null
        ]
      },
      "/Users/turingtjc/Turing/1Module/FINALPROJECT/Enigma---MOD1/lib/generators.rb": {
        "lines": [
          1,
          1,
          null,
          1,
          2,
          null,
          null,
          1,
          1,
          null,
          null,
          1,
          24,
          null,
          null,
          1,
          8,
          8,
          8,
          8,
          8,
          null,
          null,
          1,
          8,
          null,
          8,
          8,
          8,
          8,
          8,
          null,
          null,
          1,
          6,
          6,
          6,
          6,
          6,
          null,
          null
        ]
      },
      "/Users/turingtjc/Turing/1Module/FINALPROJECT/Enigma---MOD1/lib/encryptor.rb": {
        "lines": [
          1,
          1,
          null,
          1,
          1,
          null,
          1,
          null,
          null,
          null,
          null,
          null,
          null,
          null,
          1,
          12,
          12,
          12,
          12,
          12,
          12,
          12,
          null,
          null,
          1,
          2,
          2,
          null,
          2,
          2,
          2,
          2,
          2,
          22,
          0,
          null,
          22,
          2,
          null,
          22,
          6,
          6,
          16,
          6,
          6,
          null,
          10,
          6,
          6,
          null,
          4,
          4,
          4,
          null,
          null,
          null,
          2,
          2,
          2,
          2,
          2,
          null,
          null
        ]
      },
      "/Users/turingtjc/Turing/1Module/FINALPROJECT/Enigma---MOD1/lib/decryptor.rb": {
        "lines": [
          1,
          1,
          1,
          1,
          1,
          null,
          1,
          null,
          null,
          null,
          null,
          null,
          null,
          null,
          1,
          12,
          12,
          12,
          12,
          12,
          12,
          12,
          null,
          null,
          1,
          2,
          2,
          2,
          2,
          2,
          2,
          22,
          0,
          null,
          22,
          2,
          null,
          22,
          6,
          6,
          16,
          6,
          6,
          null,
          10,
          6,
          6,
          null,
          4,
          4,
          4,
          null,
          null,
          null,
          2,
          2,
          2,
          2,
          2,
          null,
          null
        ]
      },
      "/Users/turingtjc/Turing/1Module/FINALPROJECT/Enigma---MOD1/spec/encryptor_spec.rb": {
        "lines": [
          1,
          null,
          1,
          1,
          11,
          null,
          null,
          1,
          1,
          1,
          1,
          1,
          null,
          null,
          1,
          1,
          null,
          null,
          1,
          1,
          null,
          null,
          1,
          1,
          null,
          null,
          1,
          1,
          null,
          null,
          1,
          1,
          null,
          null,
          1,
          1,
          null,
          null,
          1,
          1,
          null,
          null,
          1,
          1,
          null,
          null,
          1,
          1,
          1,
          1,
          null,
          null,
          1,
          1,
          null,
          null,
          null,
          null,
          null,
          null
        ]
      },
      "/Users/turingtjc/Turing/1Module/FINALPROJECT/Enigma---MOD1/spec/decryptor_spec.rb": {
        "lines": [
          1,
          null,
          1,
          1,
          11,
          null,
          null,
          1,
          1,
          1,
          1,
          1,
          null,
          null,
          1,
          1,
          null,
          null,
          1,
          1,
          null,
          null,
          1,
          1,
          null,
          null,
          1,
          1,
          null,
          null,
          1,
          1,
          null,
          null,
          1,
          1,
          null,
          null,
          1,
          1,
          null,
          null,
          1,
          1,
          null,
          null,
          1,
          1,
          1,
          1,
          null,
          null,
          1,
          null,
          1,
          null,
          null,
          null,
          null,
          null,
          null
        ]
      }
    },
    "timestamp": 1655234989
  }
}
